have_func: checking for labs() in stdlib.h... -------------------- yes

"clang -o conftest -I/Users/hi0711/.rbenv/versions/2.1.2/include/ruby-2.1.0/x86_64-darwin13.0 -I/Users/hi0711/.rbenv/versions/2.1.2/include/ruby-2.1.0/ruby/backward -I/Users/hi0711/.rbenv/versions/2.1.2/include/ruby-2.1.0 -I. -I/Users/hi0711/.rbenv/versions/2.1.2/include  -D_XOPEN_SOURCE -D_DARWIN_C_SOURCE -D_DARWIN_UNLIMITED_SELECT -D_REENTRANT    -O3 -Wno-error=shorten-64-to-32  -pipe conftest.c  -L. -L/Users/hi0711/.rbenv/versions/2.1.2/lib -L. -L/Users/hi0711/.rbenv/versions/2.1.2/lib  -fstack-protector     -lruby-static -framework CoreFoundation  -lpthread -ldl -lobjc "
checked program was:
/* begin */
1: #include "ruby.h"
2: 
3: int main(int argc, char **argv)
4: {
5:   return 0;
6: }
/* end */

"clang -o conftest -I/Users/hi0711/.rbenv/versions/2.1.2/include/ruby-2.1.0/x86_64-darwin13.0 -I/Users/hi0711/.rbenv/versions/2.1.2/include/ruby-2.1.0/ruby/backward -I/Users/hi0711/.rbenv/versions/2.1.2/include/ruby-2.1.0 -I. -I/Users/hi0711/.rbenv/versions/2.1.2/include  -D_XOPEN_SOURCE -D_DARWIN_C_SOURCE -D_DARWIN_UNLIMITED_SELECT -D_REENTRANT    -O3 -Wno-error=shorten-64-to-32  -pipe conftest.c  -L. -L/Users/hi0711/.rbenv/versions/2.1.2/lib -L. -L/Users/hi0711/.rbenv/versions/2.1.2/lib  -fstack-protector     -lruby-static -framework CoreFoundation  -lpthread -ldl -lobjc "
checked program was:
/* begin */
 1: #include "ruby.h"
 2: 
 3: #include <stdlib.h>
 4: 
 5: /*top*/
 6: extern int t(void);
 7: int main(int argc, char **argv)
 8: {
 9:   if (argc > 1000000) {
10:     printf("%p", &t);
11:   }
12: 
13:   return 0;
14: }
15: int t(void) { void ((*volatile p)()); p = (void ((*)()))labs; return 0; }
/* end */

--------------------

have_func: checking for llabs() in stdlib.h... -------------------- yes

"clang -o conftest -I/Users/hi0711/.rbenv/versions/2.1.2/include/ruby-2.1.0/x86_64-darwin13.0 -I/Users/hi0711/.rbenv/versions/2.1.2/include/ruby-2.1.0/ruby/backward -I/Users/hi0711/.rbenv/versions/2.1.2/include/ruby-2.1.0 -I. -I/Users/hi0711/.rbenv/versions/2.1.2/include  -D_XOPEN_SOURCE -D_DARWIN_C_SOURCE -D_DARWIN_UNLIMITED_SELECT -D_REENTRANT    -O3 -Wno-error=shorten-64-to-32  -pipe conftest.c  -L. -L/Users/hi0711/.rbenv/versions/2.1.2/lib -L. -L/Users/hi0711/.rbenv/versions/2.1.2/lib  -fstack-protector     -lruby-static -framework CoreFoundation  -lpthread -ldl -lobjc "
checked program was:
/* begin */
 1: #include "ruby.h"
 2: 
 3: #include <stdlib.h>
 4: 
 5: /*top*/
 6: extern int t(void);
 7: int main(int argc, char **argv)
 8: {
 9:   if (argc > 1000000) {
10:     printf("%p", &t);
11:   }
12: 
13:   return 0;
14: }
15: int t(void) { void ((*volatile p)()); p = (void ((*)()))llabs; return 0; }
/* end */

--------------------

have_type: checking for struct RRational in ruby.h... -------------------- yes

"clang -I/Users/hi0711/.rbenv/versions/2.1.2/include/ruby-2.1.0/x86_64-darwin13.0 -I/Users/hi0711/.rbenv/versions/2.1.2/include/ruby-2.1.0/ruby/backward -I/Users/hi0711/.rbenv/versions/2.1.2/include/ruby-2.1.0 -I. -I/Users/hi0711/.rbenv/versions/2.1.2/include  -D_XOPEN_SOURCE -D_DARWIN_C_SOURCE -D_DARWIN_UNLIMITED_SELECT -D_REENTRANT    -O3 -Wno-error=shorten-64-to-32  -pipe   -c conftest.c"
checked program was:
/* begin */
1: #include "ruby.h"
2: 
3: #include <ruby.h>
4: 
5: /*top*/
6: typedef struct RRational conftest_type;
7: int conftestval[sizeof(conftest_type)?1:-1];
/* end */

--------------------

have_func: checking for rb_rational_num() in ruby.h... -------------------- no

"clang -o conftest -I/Users/hi0711/.rbenv/versions/2.1.2/include/ruby-2.1.0/x86_64-darwin13.0 -I/Users/hi0711/.rbenv/versions/2.1.2/include/ruby-2.1.0/ruby/backward -I/Users/hi0711/.rbenv/versions/2.1.2/include/ruby-2.1.0 -I. -I/Users/hi0711/.rbenv/versions/2.1.2/include  -D_XOPEN_SOURCE -D_DARWIN_C_SOURCE -D_DARWIN_UNLIMITED_SELECT -D_REENTRANT    -O3 -Wno-error=shorten-64-to-32  -pipe conftest.c  -L. -L/Users/hi0711/.rbenv/versions/2.1.2/lib -L. -L/Users/hi0711/.rbenv/versions/2.1.2/lib  -fstack-protector     -lruby-static -framework CoreFoundation  -lpthread -ldl -lobjc "
conftest.c:15:57: error: use of undeclared identifier 'rb_rational_num'
int t(void) { void ((*volatile p)()); p = (void ((*)()))rb_rational_num; return 0; }
                                                        ^
1 error generated.
checked program was:
/* begin */
 1: #include "ruby.h"
 2: 
 3: #include <ruby.h>
 4: 
 5: /*top*/
 6: extern int t(void);
 7: int main(int argc, char **argv)
 8: {
 9:   if (argc > 1000000) {
10:     printf("%p", &t);
11:   }
12: 
13:   return 0;
14: }
15: int t(void) { void ((*volatile p)()); p = (void ((*)()))rb_rational_num; return 0; }
/* end */

"clang -o conftest -I/Users/hi0711/.rbenv/versions/2.1.2/include/ruby-2.1.0/x86_64-darwin13.0 -I/Users/hi0711/.rbenv/versions/2.1.2/include/ruby-2.1.0/ruby/backward -I/Users/hi0711/.rbenv/versions/2.1.2/include/ruby-2.1.0 -I. -I/Users/hi0711/.rbenv/versions/2.1.2/include  -D_XOPEN_SOURCE -D_DARWIN_C_SOURCE -D_DARWIN_UNLIMITED_SELECT -D_REENTRANT    -O3 -Wno-error=shorten-64-to-32  -pipe conftest.c  -L. -L/Users/hi0711/.rbenv/versions/2.1.2/lib -L. -L/Users/hi0711/.rbenv/versions/2.1.2/lib  -fstack-protector     -lruby-static -framework CoreFoundation  -lpthread -ldl -lobjc "
conftest.c:15:15: warning: implicit declaration of function 'rb_rational_num' is invalid in C99 [-Wimplicit-function-declaration]
int t(void) { rb_rational_num(); return 0; }
              ^
1 warning generated.
Undefined symbols for architecture x86_64:
  "_rb_rational_num", referenced from:
      _t in conftest-593c12.o
ld: symbol(s) not found for architecture x86_64
clang: error: linker command failed with exit code 1 (use -v to see invocation)
checked program was:
/* begin */
 1: #include "ruby.h"
 2: 
 3: #include <ruby.h>
 4: 
 5: /*top*/
 6: extern int t(void);
 7: int main(int argc, char **argv)
 8: {
 9:   if (argc > 1000000) {
10:     printf("%p", &t);
11:   }
12: 
13:   return 0;
14: }
15: int t(void) { rb_rational_num(); return 0; }
/* end */

--------------------

have_func: checking for rb_rational_den() in ruby.h... -------------------- no

"clang -o conftest -I/Users/hi0711/.rbenv/versions/2.1.2/include/ruby-2.1.0/x86_64-darwin13.0 -I/Users/hi0711/.rbenv/versions/2.1.2/include/ruby-2.1.0/ruby/backward -I/Users/hi0711/.rbenv/versions/2.1.2/include/ruby-2.1.0 -I. -I/Users/hi0711/.rbenv/versions/2.1.2/include  -D_XOPEN_SOURCE -D_DARWIN_C_SOURCE -D_DARWIN_UNLIMITED_SELECT -D_REENTRANT    -O3 -Wno-error=shorten-64-to-32  -pipe conftest.c  -L. -L/Users/hi0711/.rbenv/versions/2.1.2/lib -L. -L/Users/hi0711/.rbenv/versions/2.1.2/lib  -fstack-protector     -lruby-static -framework CoreFoundation  -lpthread -ldl -lobjc "
conftest.c:15:57: error: use of undeclared identifier 'rb_rational_den'
int t(void) { void ((*volatile p)()); p = (void ((*)()))rb_rational_den; return 0; }
                                                        ^
1 error generated.
checked program was:
/* begin */
 1: #include "ruby.h"
 2: 
 3: #include <ruby.h>
 4: 
 5: /*top*/
 6: extern int t(void);
 7: int main(int argc, char **argv)
 8: {
 9:   if (argc > 1000000) {
10:     printf("%p", &t);
11:   }
12: 
13:   return 0;
14: }
15: int t(void) { void ((*volatile p)()); p = (void ((*)()))rb_rational_den; return 0; }
/* end */

"clang -o conftest -I/Users/hi0711/.rbenv/versions/2.1.2/include/ruby-2.1.0/x86_64-darwin13.0 -I/Users/hi0711/.rbenv/versions/2.1.2/include/ruby-2.1.0/ruby/backward -I/Users/hi0711/.rbenv/versions/2.1.2/include/ruby-2.1.0 -I. -I/Users/hi0711/.rbenv/versions/2.1.2/include  -D_XOPEN_SOURCE -D_DARWIN_C_SOURCE -D_DARWIN_UNLIMITED_SELECT -D_REENTRANT    -O3 -Wno-error=shorten-64-to-32  -pipe conftest.c  -L. -L/Users/hi0711/.rbenv/versions/2.1.2/lib -L. -L/Users/hi0711/.rbenv/versions/2.1.2/lib  -fstack-protector     -lruby-static -framework CoreFoundation  -lpthread -ldl -lobjc "
conftest.c:15:15: warning: implicit declaration of function 'rb_rational_den' is invalid in C99 [-Wimplicit-function-declaration]
int t(void) { rb_rational_den(); return 0; }
              ^
1 warning generated.
Undefined symbols for architecture x86_64:
  "_rb_rational_den", referenced from:
      _t in conftest-7bb3d0.o
ld: symbol(s) not found for architecture x86_64
clang: error: linker command failed with exit code 1 (use -v to see invocation)
checked program was:
/* begin */
 1: #include "ruby.h"
 2: 
 3: #include <ruby.h>
 4: 
 5: /*top*/
 6: extern int t(void);
 7: int main(int argc, char **argv)
 8: {
 9:   if (argc > 1000000) {
10:     printf("%p", &t);
11:   }
12: 
13:   return 0;
14: }
15: int t(void) { rb_rational_den(); return 0; }
/* end */

--------------------

